0 info it worked if it ends with ok
1 verbose cli [ 'D:\\Develop\\nodejs\\node.exe',
1 verbose cli   'D:\\Develop\\nvm\\npm\\node_modules\\npm\\bin\\npm-cli.js',
1 verbose cli   'start' ]
2 info using npm@4.0.5
3 info using node@v6.9.1
4 verbose run-script [ 'prestart', 'start', 'poststart' ]
5 info lifecycle admin@1.0.0~prestart: admin@1.0.0
6 silly lifecycle admin@1.0.0~prestart: no script for prestart, continuing
7 info lifecycle admin@1.0.0~start: admin@1.0.0
8 verbose lifecycle admin@1.0.0~start: unsafe-perm in lifecycle true
9 verbose lifecycle admin@1.0.0~start: PATH: D:\Develop\nvm\npm\node_modules\npm\bin\node-gyp-bin;D:\project\admin\node_modules\.bin;C:\ProgramData\Oracle\Java\javapath;C:\windows\system32;C:\windows;C:\windows\System32\Wbem;C:\windows\System32\WindowsPowerShell\v1.0\;C:\Program Files (x86)\NVIDIA Corporation\PhysX\Common;D:\Develop\nvm;D:\Develop\nodejs;D:\Develop\nvm\npm;D:\Program Files\androidsdk\platform-tools;D:\Program Files\androidsdk\tools;;D:\Program Files\Java\jdk1.8.0_71\bin;D:\Program Files\Java\jdk1.8.0_71\jre\bin;D:\Develop\python;D:\Program Files (x86)\Git\cmd;D:\Develop\mongodb\bin;D:\wamp\bin\mysql\mysql5.6.17\bin;
10 verbose lifecycle admin@1.0.0~start: CWD: D:\project\admin
11 silly lifecycle admin@1.0.0~start: Args: [ '/d /s /c', 'webpack-dev-server' ]
12 silly lifecycle admin@1.0.0~start: Returned: code: 3221225786  signal: null
13 info lifecycle admin@1.0.0~start: Failed to exec start script
14 verbose stack Error: admin@1.0.0 start: `webpack-dev-server`
14 verbose stack Exit status 3221225786
14 verbose stack     at EventEmitter.<anonymous> (D:\Develop\nvm\npm\node_modules\npm\lib\utils\lifecycle.js:279:16)
14 verbose stack     at emitTwo (events.js:106:13)
14 verbose stack     at EventEmitter.emit (events.js:191:7)
14 verbose stack     at ChildProcess.<anonymous> (D:\Develop\nvm\npm\node_modules\npm\lib\utils\spawn.js:40:14)
14 verbose stack     at emitTwo (events.js:106:13)
14 verbose stack     at ChildProcess.emit (events.js:191:7)
14 verbose stack     at maybeClose (internal/child_process.js:877:16)
14 verbose stack     at Process.ChildProcess._handle.onexit (internal/child_process.js:226:5)
15 verbose pkgid admin@1.0.0
16 verbose cwd D:\project\admin
17 error Windows_NT 10.0.10586
18 error argv "D:\\Develop\\nodejs\\node.exe" "D:\\Develop\\nvm\\npm\\node_modules\\npm\\bin\\npm-cli.js" "start"
19 error node v6.9.1
20 error npm  v4.0.5
21 error code ELIFECYCLE
22 error admin@1.0.0 start: `webpack-dev-server`
22 error Exit status 3221225786
23 error Failed at the admin@1.0.0 start script 'webpack-dev-server'.
23 error Make sure you have the latest version of node.js and npm installed.
23 error If you do, this is most likely a problem with the admin package,
23 error not with npm itself.
23 error Tell the author that this fails on your system:
23 error     webpack-dev-server
23 error You can get information on how to open an issue for this project with:
23 error     npm bugs admin
23 error Or if that isn't available, you can get their info via:
23 error     npm owner ls admin
23 error There is likely additional logging output above.
24 verbose exit [ 1, true ]
